

Microchip Technology PIC LITE Macro Assembler V1.42 build -159332390 
                                                                                               Sun Jul 09 19:40:18 2017

Microchip Technology Omniscient Code Generator v1.42 (Free mode) build 201704130522
     1                           	processor	16F18345
     2                           	opt	pw 120
     3                           	opt	lm
     4                           	psect	cinit,global,class=CODE,merge=1,delta=2
     5                           	psect	cstackCOMMON,global,class=COMMON,space=1,delta=1
     6                           	psect	maintext,global,class=CODE,merge=1,split=1,delta=2
     7                           	psect	text1,local,class=CODE,merge=1,delta=2
     8                           	psect	text2,local,class=CODE,merge=1,delta=2
     9                           	psect	text3,local,class=CODE,merge=1,delta=2
    10                           	dabs	1,0x7E,2
    11  0000                     
    12                           ; Version 1.42
    13                           ; Generated 13/04/2017 GMT
    14                           ; 
    15                           ; Copyright © 2017, Microchip Technology Inc. and its subsidiaries ("Microchip")
    16                           ; All rights reserved.
    17                           ; 
    18                           ; This software is developed by Microchip Technology Inc. and its subsidiaries ("Microch
      +                          ip").
    19                           ; 
    20                           ; Redistribution and use in source and binary forms, with or without modification, are
    21                           ; permitted provided that the following conditions are met:
    22                           ; 
    23                           ;     1. Redistributions of source code must retain the above copyright notice, this lis
      +                          t of
    24                           ;        conditions and the following disclaimer.
    25                           ; 
    26                           ;     2. Redistributions in binary form must reproduce the above copyright notice, this 
      +                          list
    27                           ;        of conditions and the following disclaimer in the documentation and/or other
    28                           ;        materials provided with the distribution.
    29                           ; 
    30                           ;     3. Microchip's name may not be used to endorse or promote products derived from th
      +                          is
    31                           ;        software without specific prior written permission.
    32                           ; 
    33                           ; THIS SOFTWARE IS PROVIDED BY MICROCHIP "AS IS" AND ANY EXPRESS OR IMPLIED WARRANTIES,
    34                           ; INCLUDING, BUT NOT LIMITED TO, THE IMPLIED WARRANTIES OF MERCHANTABILITY AND FITNESS F
      +                          OR
    35                           ; PURPOSE ARE DISCLAIMED.  IN NO EVENT SHALL MICROCHIP BE LIABLE FOR ANY DIRECT, INDIREC
      +                          T,
    36                           ; INCIDENTAL, SPECIAL, EXEMPLARY, OR CONSEQUENTIAL DAMAGES (INCLUDING BUT NOT LIMITED TO
    37                           ; PROCUREMENT OF SUBSTITUTE GOODS OR SERVICES; LOSS OF USE, DATA OR PROFITS; OR BUSINESS
    38                           ; INTERRUPTION) HOWSOEVER CAUSED AND ON ANY THEORY OF LIABILITY, WHETHER IN CONTRACT, ST
      +                          RICT
    39                           ; LIABILITY, OR TORT (INCLUDING NEGLIGENCE OR OTHERWISE) ARISING IN ANY WAY OUT OF THE U
      +                          SE OF
    40                           ; THIS SOFTWARE, EVEN IF ADVISED OF THE POSSIBILITY OF SUCH DAMAGE.
    41                           ; 
    42                           ; 
    43                           ; Code-generator required, PIC16F18345 Definitions
    44                           ; 
    45                           ; SFR Addresses
    46  0000                     	;# 
    47  0001                     	;# 
    48  0002                     	;# 
    49  0003                     	;# 
    50  0004                     	;# 
    51  0005                     	;# 
    52  0006                     	;# 
    53  0007                     	;# 
    54  0008                     	;# 
    55  0009                     	;# 
    56  000A                     	;# 
    57  000B                     	;# 
    58  000C                     	;# 
    59  000D                     	;# 
    60  000E                     	;# 
    61  0010                     	;# 
    62  0011                     	;# 
    63  0012                     	;# 
    64  0013                     	;# 
    65  0014                     	;# 
    66  0015                     	;# 
    67  0015                     	;# 
    68  0016                     	;# 
    69  0016                     	;# 
    70  0017                     	;# 
    71  0018                     	;# 
    72  0019                     	;# 
    73  0019                     	;# 
    74  001A                     	;# 
    75  001B                     	;# 
    76  001C                     	;# 
    77  001D                     	;# 
    78  001E                     	;# 
    79  001F                     	;# 
    80  008C                     	;# 
    81  008D                     	;# 
    82  008E                     	;# 
    83  0090                     	;# 
    84  0091                     	;# 
    85  0092                     	;# 
    86  0093                     	;# 
    87  0094                     	;# 
    88  0097                     	;# 
    89  009B                     	;# 
    90  009B                     	;# 
    91  009C                     	;# 
    92  009D                     	;# 
    93  009E                     	;# 
    94  009F                     	;# 
    95  010C                     	;# 
    96  010D                     	;# 
    97  010E                     	;# 
    98  0111                     	;# 
    99  0112                     	;# 
   100  0113                     	;# 
   101  0114                     	;# 
   102  0115                     	;# 
   103  0116                     	;# 
   104  0117                     	;# 
   105  0118                     	;# 
   106  0119                     	;# 
   107  018C                     	;# 
   108  018D                     	;# 
   109  018E                     	;# 
   110  0197                     	;# 
   111  0199                     	;# 
   112  0199                     	;# 
   113  0199                     	;# 
   114  019A                     	;# 
   115  019A                     	;# 
   116  019A                     	;# 
   117  019B                     	;# 
   118  019B                     	;# 
   119  019B                     	;# 
   120  019B                     	;# 
   121  019B                     	;# 
   122  019C                     	;# 
   123  019C                     	;# 
   124  019C                     	;# 
   125  019D                     	;# 
   126  019D                     	;# 
   127  019D                     	;# 
   128  019E                     	;# 
   129  019E                     	;# 
   130  019E                     	;# 
   131  019F                     	;# 
   132  019F                     	;# 
   133  019F                     	;# 
   134  019F                     	;# 
   135  019F                     	;# 
   136  020C                     	;# 
   137  020D                     	;# 
   138  020E                     	;# 
   139  0211                     	;# 
   140  0211                     	;# 
   141  0212                     	;# 
   142  0212                     	;# 
   143  0213                     	;# 
   144  0213                     	;# 
   145  0214                     	;# 
   146  0214                     	;# 
   147  0215                     	;# 
   148  0215                     	;# 
   149  0215                     	;# 
   150  0215                     	;# 
   151  0216                     	;# 
   152  0216                     	;# 
   153  0217                     	;# 
   154  0217                     	;# 
   155  0219                     	;# 
   156  021A                     	;# 
   157  021B                     	;# 
   158  021C                     	;# 
   159  021D                     	;# 
   160  021D                     	;# 
   161  021E                     	;# 
   162  021F                     	;# 
   163  028C                     	;# 
   164  028D                     	;# 
   165  028E                     	;# 
   166  0291                     	;# 
   167  0291                     	;# 
   168  0292                     	;# 
   169  0293                     	;# 
   170  0294                     	;# 
   171  0295                     	;# 
   172  0295                     	;# 
   173  0296                     	;# 
   174  0297                     	;# 
   175  0298                     	;# 
   176  029F                     	;# 
   177  030C                     	;# 
   178  030D                     	;# 
   179  030E                     	;# 
   180  0311                     	;# 
   181  0311                     	;# 
   182  0312                     	;# 
   183  0313                     	;# 
   184  0314                     	;# 
   185  0315                     	;# 
   186  0315                     	;# 
   187  0316                     	;# 
   188  0317                     	;# 
   189  0318                     	;# 
   190  038C                     	;# 
   191  038D                     	;# 
   192  038E                     	;# 
   193  0391                     	;# 
   194  0392                     	;# 
   195  0393                     	;# 
   196  0394                     	;# 
   197  0395                     	;# 
   198  0396                     	;# 
   199  0397                     	;# 
   200  0398                     	;# 
   201  0399                     	;# 
   202  039A                     	;# 
   203  039C                     	;# 
   204  039D                     	;# 
   205  039E                     	;# 
   206  039F                     	;# 
   207  0411                     	;# 
   208  0411                     	;# 
   209  0412                     	;# 
   210  0413                     	;# 
   211  0414                     	;# 
   212  0415                     	;# 
   213  0416                     	;# 
   214  0417                     	;# 
   215  0418                     	;# 
   216  0418                     	;# 
   217  0419                     	;# 
   218  041A                     	;# 
   219  041B                     	;# 
   220  041C                     	;# 
   221  041D                     	;# 
   222  041E                     	;# 
   223  041F                     	;# 
   224  0498                     	;# 
   225  0498                     	;# 
   226  0499                     	;# 
   227  049A                     	;# 
   228  049B                     	;# 
   229  049B                     	;# 
   230  049C                     	;# 
   231  049D                     	;# 
   232  049E                     	;# 
   233  049F                     	;# 
   234  0617                     	;# 
   235  0618                     	;# 
   236  0619                     	;# 
   237  0619                     	;# 
   238  061A                     	;# 
   239  061B                     	;# 
   240  061C                     	;# 
   241  061C                     	;# 
   242  061F                     	;# 
   243  0691                     	;# 
   244  0692                     	;# 
   245  0693                     	;# 
   246  0694                     	;# 
   247  0695                     	;# 
   248  0696                     	;# 
   249  0697                     	;# 
   250  0698                     	;# 
   251  0699                     	;# 
   252  0711                     	;# 
   253  0712                     	;# 
   254  0713                     	;# 
   255  0714                     	;# 
   256  0715                     	;# 
   257  0716                     	;# 
   258  0717                     	;# 
   259  0718                     	;# 
   260  0719                     	;# 
   261  0891                     	;# 
   262  0891                     	;# 
   263  0891                     	;# 
   264  0891                     	;# 
   265  0891                     	;# 
   266  0891                     	;# 
   267  0892                     	;# 
   268  0892                     	;# 
   269  0892                     	;# 
   270  0893                     	;# 
   271  0893                     	;# 
   272  0893                     	;# 
   273  0893                     	;# 
   274  0893                     	;# 
   275  0893                     	;# 
   276  0894                     	;# 
   277  0894                     	;# 
   278  0894                     	;# 
   279  0895                     	;# 
   280  0895                     	;# 
   281  0895                     	;# 
   282  0896                     	;# 
   283  0896                     	;# 
   284  0896                     	;# 
   285  089B                     	;# 
   286  0911                     	;# 
   287  0912                     	;# 
   288  0913                     	;# 
   289  0914                     	;# 
   290  0915                     	;# 
   291  0916                     	;# 
   292  0918                     	;# 
   293  0919                     	;# 
   294  091A                     	;# 
   295  091B                     	;# 
   296  091C                     	;# 
   297  091D                     	;# 
   298  091E                     	;# 
   299  091F                     	;# 
   300  0E0F                     	;# 
   301  0E10                     	;# 
   302  0E11                     	;# 
   303  0E12                     	;# 
   304  0E13                     	;# 
   305  0E14                     	;# 
   306  0E15                     	;# 
   307  0E16                     	;# 
   308  0E17                     	;# 
   309  0E18                     	;# 
   310  0E19                     	;# 
   311  0E1A                     	;# 
   312  0E1B                     	;# 
   313  0E1C                     	;# 
   314  0E1D                     	;# 
   315  0E1E                     	;# 
   316  0E1F                     	;# 
   317  0E20                     	;# 
   318  0E21                     	;# 
   319  0E22                     	;# 
   320  0E24                     	;# 
   321  0E25                     	;# 
   322  0E28                     	;# 
   323  0E29                     	;# 
   324  0E2A                     	;# 
   325  0E2B                     	;# 
   326  0E2C                     	;# 
   327  0E2D                     	;# 
   328  0E2E                     	;# 
   329  0E2F                     	;# 
   330  0E90                     	;# 
   331  0E91                     	;# 
   332  0E92                     	;# 
   333  0E94                     	;# 
   334  0E95                     	;# 
   335  0E9C                     	;# 
   336  0E9D                     	;# 
   337  0E9E                     	;# 
   338  0E9F                     	;# 
   339  0EA0                     	;# 
   340  0EA1                     	;# 
   341  0EA2                     	;# 
   342  0EA3                     	;# 
   343  0EA4                     	;# 
   344  0EA5                     	;# 
   345  0EA6                     	;# 
   346  0EA7                     	;# 
   347  0F0F                     	;# 
   348  0F10                     	;# 
   349  0F11                     	;# 
   350  0F12                     	;# 
   351  0F13                     	;# 
   352  0F14                     	;# 
   353  0F15                     	;# 
   354  0F16                     	;# 
   355  0F17                     	;# 
   356  0F18                     	;# 
   357  0F19                     	;# 
   358  0F1A                     	;# 
   359  0F1B                     	;# 
   360  0F1C                     	;# 
   361  0F1D                     	;# 
   362  0F1E                     	;# 
   363  0F1F                     	;# 
   364  0F20                     	;# 
   365  0F21                     	;# 
   366  0F22                     	;# 
   367  0F23                     	;# 
   368  0F24                     	;# 
   369  0F25                     	;# 
   370  0F26                     	;# 
   371  0F27                     	;# 
   372  0F28                     	;# 
   373  0F29                     	;# 
   374  0F2A                     	;# 
   375  0F2B                     	;# 
   376  0F2C                     	;# 
   377  0F2D                     	;# 
   378  0F2E                     	;# 
   379  0F2F                     	;# 
   380  0F30                     	;# 
   381  0F31                     	;# 
   382  0F32                     	;# 
   383  0F33                     	;# 
   384  0F34                     	;# 
   385  0F35                     	;# 
   386  0F36                     	;# 
   387  0F37                     	;# 
   388  0FE4                     	;# 
   389  0FE5                     	;# 
   390  0FE6                     	;# 
   391  0FE7                     	;# 
   392  0FE8                     	;# 
   393  0FE9                     	;# 
   394  0FEA                     	;# 
   395  0FEB                     	;# 
   396  0FED                     	;# 
   397  0FEE                     	;# 
   398  0FEF                     	;# 
   399  0000                     	;# 
   400  0001                     	;# 
   401  0002                     	;# 
   402  0003                     	;# 
   403  0004                     	;# 
   404  0005                     	;# 
   405  0006                     	;# 
   406  0007                     	;# 
   407  0008                     	;# 
   408  0009                     	;# 
   409  000A                     	;# 
   410  000B                     	;# 
   411  000C                     	;# 
   412  000D                     	;# 
   413  000E                     	;# 
   414  0010                     	;# 
   415  0011                     	;# 
   416  0012                     	;# 
   417  0013                     	;# 
   418  0014                     	;# 
   419  0015                     	;# 
   420  0015                     	;# 
   421  0016                     	;# 
   422  0016                     	;# 
   423  0017                     	;# 
   424  0018                     	;# 
   425  0019                     	;# 
   426  0019                     	;# 
   427  001A                     	;# 
   428  001B                     	;# 
   429  001C                     	;# 
   430  001D                     	;# 
   431  001E                     	;# 
   432  001F                     	;# 
   433  008C                     	;# 
   434  008D                     	;# 
   435  008E                     	;# 
   436  0090                     	;# 
   437  0091                     	;# 
   438  0092                     	;# 
   439  0093                     	;# 
   440  0094                     	;# 
   441  0097                     	;# 
   442  009B                     	;# 
   443  009B                     	;# 
   444  009C                     	;# 
   445  009D                     	;# 
   446  009E                     	;# 
   447  009F                     	;# 
   448  010C                     	;# 
   449  010D                     	;# 
   450  010E                     	;# 
   451  0111                     	;# 
   452  0112                     	;# 
   453  0113                     	;# 
   454  0114                     	;# 
   455  0115                     	;# 
   456  0116                     	;# 
   457  0117                     	;# 
   458  0118                     	;# 
   459  0119                     	;# 
   460  018C                     	;# 
   461  018D                     	;# 
   462  018E                     	;# 
   463  0197                     	;# 
   464  0199                     	;# 
   465  0199                     	;# 
   466  0199                     	;# 
   467  019A                     	;# 
   468  019A                     	;# 
   469  019A                     	;# 
   470  019B                     	;# 
   471  019B                     	;# 
   472  019B                     	;# 
   473  019B                     	;# 
   474  019B                     	;# 
   475  019C                     	;# 
   476  019C                     	;# 
   477  019C                     	;# 
   478  019D                     	;# 
   479  019D                     	;# 
   480  019D                     	;# 
   481  019E                     	;# 
   482  019E                     	;# 
   483  019E                     	;# 
   484  019F                     	;# 
   485  019F                     	;# 
   486  019F                     	;# 
   487  019F                     	;# 
   488  019F                     	;# 
   489  020C                     	;# 
   490  020D                     	;# 
   491  020E                     	;# 
   492  0211                     	;# 
   493  0211                     	;# 
   494  0212                     	;# 
   495  0212                     	;# 
   496  0213                     	;# 
   497  0213                     	;# 
   498  0214                     	;# 
   499  0214                     	;# 
   500  0215                     	;# 
   501  0215                     	;# 
   502  0215                     	;# 
   503  0215                     	;# 
   504  0216                     	;# 
   505  0216                     	;# 
   506  0217                     	;# 
   507  0217                     	;# 
   508  0219                     	;# 
   509  021A                     	;# 
   510  021B                     	;# 
   511  021C                     	;# 
   512  021D                     	;# 
   513  021D                     	;# 
   514  021E                     	;# 
   515  021F                     	;# 
   516  028C                     	;# 
   517  028D                     	;# 
   518  028E                     	;# 
   519  0291                     	;# 
   520  0291                     	;# 
   521  0292                     	;# 
   522  0293                     	;# 
   523  0294                     	;# 
   524  0295                     	;# 
   525  0295                     	;# 
   526  0296                     	;# 
   527  0297                     	;# 
   528  0298                     	;# 
   529  029F                     	;# 
   530  030C                     	;# 
   531  030D                     	;# 
   532  030E                     	;# 
   533  0311                     	;# 
   534  0311                     	;# 
   535  0312                     	;# 
   536  0313                     	;# 
   537  0314                     	;# 
   538  0315                     	;# 
   539  0315                     	;# 
   540  0316                     	;# 
   541  0317                     	;# 
   542  0318                     	;# 
   543  038C                     	;# 
   544  038D                     	;# 
   545  038E                     	;# 
   546  0391                     	;# 
   547  0392                     	;# 
   548  0393                     	;# 
   549  0394                     	;# 
   550  0395                     	;# 
   551  0396                     	;# 
   552  0397                     	;# 
   553  0398                     	;# 
   554  0399                     	;# 
   555  039A                     	;# 
   556  039C                     	;# 
   557  039D                     	;# 
   558  039E                     	;# 
   559  039F                     	;# 
   560  0411                     	;# 
   561  0411                     	;# 
   562  0412                     	;# 
   563  0413                     	;# 
   564  0414                     	;# 
   565  0415                     	;# 
   566  0416                     	;# 
   567  0417                     	;# 
   568  0418                     	;# 
   569  0418                     	;# 
   570  0419                     	;# 
   571  041A                     	;# 
   572  041B                     	;# 
   573  041C                     	;# 
   574  041D                     	;# 
   575  041E                     	;# 
   576  041F                     	;# 
   577  0498                     	;# 
   578  0498                     	;# 
   579  0499                     	;# 
   580  049A                     	;# 
   581  049B                     	;# 
   582  049B                     	;# 
   583  049C                     	;# 
   584  049D                     	;# 
   585  049E                     	;# 
   586  049F                     	;# 
   587  0617                     	;# 
   588  0618                     	;# 
   589  0619                     	;# 
   590  0619                     	;# 
   591  061A                     	;# 
   592  061B                     	;# 
   593  061C                     	;# 
   594  061C                     	;# 
   595  061F                     	;# 
   596  0691                     	;# 
   597  0692                     	;# 
   598  0693                     	;# 
   599  0694                     	;# 
   600  0695                     	;# 
   601  0696                     	;# 
   602  0697                     	;# 
   603  0698                     	;# 
   604  0699                     	;# 
   605  0711                     	;# 
   606  0712                     	;# 
   607  0713                     	;# 
   608  0714                     	;# 
   609  0715                     	;# 
   610  0716                     	;# 
   611  0717                     	;# 
   612  0718                     	;# 
   613  0719                     	;# 
   614  0891                     	;# 
   615  0891                     	;# 
   616  0891                     	;# 
   617  0891                     	;# 
   618  0891                     	;# 
   619  0891                     	;# 
   620  0892                     	;# 
   621  0892                     	;# 
   622  0892                     	;# 
   623  0893                     	;# 
   624  0893                     	;# 
   625  0893                     	;# 
   626  0893                     	;# 
   627  0893                     	;# 
   628  0893                     	;# 
   629  0894                     	;# 
   630  0894                     	;# 
   631  0894                     	;# 
   632  0895                     	;# 
   633  0895                     	;# 
   634  0895                     	;# 
   635  0896                     	;# 
   636  0896                     	;# 
   637  0896                     	;# 
   638  089B                     	;# 
   639  0911                     	;# 
   640  0912                     	;# 
   641  0913                     	;# 
   642  0914                     	;# 
   643  0915                     	;# 
   644  0916                     	;# 
   645  0918                     	;# 
   646  0919                     	;# 
   647  091A                     	;# 
   648  091B                     	;# 
   649  091C                     	;# 
   650  091D                     	;# 
   651  091E                     	;# 
   652  091F                     	;# 
   653  0E0F                     	;# 
   654  0E10                     	;# 
   655  0E11                     	;# 
   656  0E12                     	;# 
   657  0E13                     	;# 
   658  0E14                     	;# 
   659  0E15                     	;# 
   660  0E16                     	;# 
   661  0E17                     	;# 
   662  0E18                     	;# 
   663  0E19                     	;# 
   664  0E1A                     	;# 
   665  0E1B                     	;# 
   666  0E1C                     	;# 
   667  0E1D                     	;# 
   668  0E1E                     	;# 
   669  0E1F                     	;# 
   670  0E20                     	;# 
   671  0E21                     	;# 
   672  0E22                     	;# 
   673  0E24                     	;# 
   674  0E25                     	;# 
   675  0E28                     	;# 
   676  0E29                     	;# 
   677  0E2A                     	;# 
   678  0E2B                     	;# 
   679  0E2C                     	;# 
   680  0E2D                     	;# 
   681  0E2E                     	;# 
   682  0E2F                     	;# 
   683  0E90                     	;# 
   684  0E91                     	;# 
   685  0E92                     	;# 
   686  0E94                     	;# 
   687  0E95                     	;# 
   688  0E9C                     	;# 
   689  0E9D                     	;# 
   690  0E9E                     	;# 
   691  0E9F                     	;# 
   692  0EA0                     	;# 
   693  0EA1                     	;# 
   694  0EA2                     	;# 
   695  0EA3                     	;# 
   696  0EA4                     	;# 
   697  0EA5                     	;# 
   698  0EA6                     	;# 
   699  0EA7                     	;# 
   700  0F0F                     	;# 
   701  0F10                     	;# 
   702  0F11                     	;# 
   703  0F12                     	;# 
   704  0F13                     	;# 
   705  0F14                     	;# 
   706  0F15                     	;# 
   707  0F16                     	;# 
   708  0F17                     	;# 
   709  0F18                     	;# 
   710  0F19                     	;# 
   711  0F1A                     	;# 
   712  0F1B                     	;# 
   713  0F1C                     	;# 
   714  0F1D                     	;# 
   715  0F1E                     	;# 
   716  0F1F                     	;# 
   717  0F20                     	;# 
   718  0F21                     	;# 
   719  0F22                     	;# 
   720  0F23                     	;# 
   721  0F24                     	;# 
   722  0F25                     	;# 
   723  0F26                     	;# 
   724  0F27                     	;# 
   725  0F28                     	;# 
   726  0F29                     	;# 
   727  0F2A                     	;# 
   728  0F2B                     	;# 
   729  0F2C                     	;# 
   730  0F2D                     	;# 
   731  0F2E                     	;# 
   732  0F2F                     	;# 
   733  0F30                     	;# 
   734  0F31                     	;# 
   735  0F32                     	;# 
   736  0F33                     	;# 
   737  0F34                     	;# 
   738  0F35                     	;# 
   739  0F36                     	;# 
   740  0F37                     	;# 
   741  0FE4                     	;# 
   742  0FE5                     	;# 
   743  0FE6                     	;# 
   744  0FE7                     	;# 
   745  0FE8                     	;# 
   746  0FE9                     	;# 
   747  0FEA                     	;# 
   748  0FEB                     	;# 
   749  0FED                     	;# 
   750  0FEE                     	;# 
   751  0FEF                     	;# 
   752  000D                     _PORTB	set	13
   753  000C                     _PORTA	set	12
   754  0077                     _RC7	set	119
   755  008C                     _TRISA	set	140
   756  008D                     _TRISB	set	141
   757  0477                     _TRISC7	set	1143
   758  0211                     _SSPBUF	set	529
   759  0215                     _SSPCONbits	set	533
   760  0214                     _SSPSTATbits	set	532
   761                           
   762                           ; #config settings
   763  0000                     
   764                           	psect	cinit
   765  07FD                     start_initialization:	
   766  07FD                     __initialization:	
   767  07FD                     end_of_initialization:	
   768                           ;End of C runtime variable initialization code
   769                           
   770  07FD                     __end_of__initialization:	
   771  07FD  0020               	movlb	0
   772  07FE  3187  2FB6         	ljmp	_main	;jump to C main() function
   773                           
   774                           	psect	cstackCOMMON
   775  0070                     __pcstackCOMMON:	
   776  0070                     ?_init_spi:	
   777  0070                     ?_write_spi_data:	
   778                           ; 1 bytes @ 0x0
   779                           
   780  0070                     ?_main:	
   781                           ; 1 bytes @ 0x0
   782                           
   783  0070                     ?_read_spi_data:	
   784                           ; 1 bytes @ 0x0
   785                           
   786  0070                     init_spi@spi_clk_edge:	
   787                           ; 2 bytes @ 0x0
   788                           
   789  0070                     write_spi_data@dat:	
   790                           ; 1 bytes @ 0x0
   791                           
   792                           
   793                           ; 2 bytes @ 0x0
   794  0070                     	ds	1
   795  0071                     init_spi@clk_cfg:	
   796                           
   797                           ; 2 bytes @ 0x1
   798  0071                     	ds	1
   799  0072                     ??_write_spi_data:	
   800  0072                     ??_read_spi_data:	
   801                           ; 1 bytes @ 0x2
   802                           
   803                           
   804                           ; 1 bytes @ 0x2
   805  0072                     	ds	1
   806  0073                     init_spi@clk_idle_cfg:	
   807                           
   808                           ; 1 bytes @ 0x3
   809  0073                     	ds	1
   810  0074                     init_spi@sspen:	
   811                           
   812                           ; 2 bytes @ 0x4
   813  0074                     	ds	2
   814  0076                     ??_init_spi:	
   815  0076                     init_spi@spi_mode:	
   816                           ; 1 bytes @ 0x6
   817                           
   818                           
   819                           ; 1 bytes @ 0x6
   820  0076                     	ds	1
   821  0077                     ??_main:	
   822                           
   823                           ; 1 bytes @ 0x7
   824  0077                     	ds	2
   825                           
   826                           	psect	maintext
   827  07B6                     __pmaintext:	
   828 ;;
   829 ;;Main: autosize = 0, tempsize = 2, incstack = 0, save=0
   830 ;;
   831 ;; *************** function _main *****************
   832 ;; Defined at:
   833 ;;		line 13 in file "main.c"
   834 ;; Parameters:    Size  Location     Type
   835 ;;		None
   836 ;; Auto vars:     Size  Location     Type
   837 ;;		None
   838 ;; Return value:  Size  Location     Type
   839 ;;                  1    wreg      void 
   840 ;; Registers used:
   841 ;;		wreg, status,2, status,0, pclath, cstack
   842 ;; Tracked objects:
   843 ;;		On entry : B1F/0
   844 ;;		On exit  : 0/0
   845 ;;		Unchanged: 0/0
   846 ;; Data sizes:     COMMON   BANK0   BANK1   BANK2   BANK3   BANK4   BANK5   BANK6   BANK7   BANK8   BANK9  BANK10  BANK1
      +1  BANK12
   847 ;;      Params:         0       0       0       0       0       0       0       0       0       0       0       0       
      +0       0
   848 ;;      Locals:         0       0       0       0       0       0       0       0       0       0       0       0       
      +0       0
   849 ;;      Temps:          2       0       0       0       0       0       0       0       0       0       0       0       
      +0       0
   850 ;;      Totals:         2       0       0       0       0       0       0       0       0       0       0       0       
      +0       0
   851 ;;Total ram usage:        2 bytes
   852 ;; Hardware stack levels required when called:    1
   853 ;; This function calls:
   854 ;;		_init_spi
   855 ;;		_read_spi_data
   856 ;;		_write_spi_data
   857 ;; This function is called by:
   858 ;;		Startup code after reset
   859 ;; This function uses a non-reentrant model
   860 ;;
   861                           
   862                           
   863                           ;psect for function _main
   864  07B6                     _main:	
   865                           
   866                           ;main.c: 16: init_spi(SPI_MASTER,SPI_POSEDGE,SPI_M_FOSC_DIV4,SPI_CLK_LOW_IN_IDLE, 1);
   867                           
   868                           ;incstack = 0
   869                           ; Regs used in _main: [wreg+status,2+status,0+pclath+cstack]
   870  07B6  01F0               	clrf	init_spi@spi_clk_edge
   871  07B7  3000               	movlw	0
   872  07B8  00F1               	movwf	init_spi@clk_cfg
   873  07B9  00F2               	movwf	init_spi@clk_cfg+1
   874  07BA  01F3               	clrf	init_spi@clk_idle_cfg
   875  07BB  3001               	movlw	1
   876  07BC  00F4               	movwf	init_spi@sspen
   877  07BD  3000               	movlw	0
   878  07BE  00F5               	movwf	init_spi@sspen+1
   879  07BF  3001               	movlw	1
   880  07C0  3187  279A  3187   	fcall	_init_spi
   881                           
   882                           ;main.c: 19: TRISB = 0xFF;
   883  07C3  30FF               	movlw	255
   884  07C4  0021               	movlb	1	; select bank1
   885  07C5  008D               	movwf	13	;volatile
   886                           
   887                           ;main.c: 20: TRISA = 0x00;
   888  07C6  018C               	clrf	12	;volatile
   889                           
   890                           ;main.c: 21: PORTA = 0x00;
   891  07C7  0020               	movlb	0	; select bank0
   892  07C8  018C               	clrf	12	;volatile
   893                           
   894                           ;main.c: 22: TRISC7 = 0;
   895  07C9  0021               	movlb	1	; select bank1
   896  07CA  138E               	bcf	14,7	;volatile
   897                           
   898                           ;main.c: 23: RC7 = 1;
   899  07CB  0020               	movlb	0	; select bank0
   900  07CC  178E               	bsf	14,7	;volatile
   901  07CD                     l587:	
   902                           ;main.c: 26: while(1)
   903                           
   904                           
   905                           ;main.c: 27: {
   906                           ;main.c: 28: RC7 = 0;
   907  07CD  0020               	movlb	0	; select bank0
   908  07CE  138E               	bcf	14,7	;volatile
   909                           
   910                           ;main.c: 29: _delay((unsigned long)((1)*(8000000/4000.0)));
   911  07CF  3003               	movlw	3
   912  07D0  00F7               	movwf	??_main
   913  07D1  3098               	movlw	152
   914  07D2                     u17:	
   915  07D2  0B89               	decfsz	9,f
   916  07D3  2FD2               	goto	u17
   917  07D4  0BF7               	decfsz	??_main,f
   918  07D5  2FD2               	goto	u17
   919                           
   920                           ;main.c: 31: write_spi_data(PORTB);
   921  07D6  0020               	movlb	0	; select bank0
   922  07D7  080D               	movf	13,w	;volatile
   923  07D8  00F7               	movwf	??_main
   924  07D9  01F8               	clrf	??_main+1
   925  07DA  0877               	movf	??_main,w
   926  07DB  00F0               	movwf	write_spi_data@dat
   927  07DC  0878               	movf	??_main+1,w
   928  07DD  00F1               	movwf	write_spi_data@dat+1
   929  07DE  3187  278D  3187   	fcall	_write_spi_data
   930                           
   931                           ;main.c: 32: PORTB = read_spi_data();
   932  07E1  3187  2791  3187   	fcall	_read_spi_data
   933  07E4  0870               	movf	?_read_spi_data,w
   934  07E5  0020               	movlb	0	; select bank0
   935  07E6  008D               	movwf	13	;volatile
   936                           
   937                           ;main.c: 34: _delay((unsigned long)((1)*(8000000/4000.0)));
   938  07E7  3003               	movlw	3
   939  07E8  00F7               	movwf	??_main
   940  07E9  3098               	movlw	152
   941  07EA                     u27:	
   942  07EA  0B89               	decfsz	9,f
   943  07EB  2FEA               	goto	u27
   944  07EC  0BF7               	decfsz	??_main,f
   945  07ED  2FEA               	goto	u27
   946                           
   947                           ;main.c: 35: RC7 = 1;
   948  07EE  0020               	movlb	0	; select bank0
   949  07EF  178E               	bsf	14,7	;volatile
   950                           
   951                           ;main.c: 37: _delay((unsigned long)((100)*(8000000/4000.0)));
   952  07F0  3002               	movlw	2
   953  07F1  00F8               	movwf	??_main+1
   954  07F2  3004               	movlw	4
   955  07F3  00F7               	movwf	??_main
   956  07F4  30BA               	movlw	186
   957  07F5                     u37:	
   958  07F5  0B89               	decfsz	9,f
   959  07F6  2FF5               	goto	u37
   960  07F7  0BF7               	decfsz	??_main,f
   961  07F8  2FF5               	goto	u37
   962  07F9  0BF8               	decfsz	??_main+1,f
   963  07FA  2FF5               	goto	u37
   964  07FB  3200               	nop2
   965  07FC  2FCD               	goto	l587
   966  07FD                     __end_of_main:	
   967                           ;main.c: 38: }
   968                           ;main.c: 40: return;
   969                           
   970                           
   971                           	psect	text1
   972  078D                     __ptext1:	
   973 ;; *************** function _write_spi_data *****************
   974 ;; Defined at:
   975 ;;		line 28 in file "spi_setup.c"
   976 ;; Parameters:    Size  Location     Type
   977 ;;  dat             2    0[COMMON] int 
   978 ;; Auto vars:     Size  Location     Type
   979 ;;		None
   980 ;; Return value:  Size  Location     Type
   981 ;;                  1    wreg      void 
   982 ;; Registers used:
   983 ;;		wreg
   984 ;; Tracked objects:
   985 ;;		On entry : 0/0
   986 ;;		On exit  : 0/0
   987 ;;		Unchanged: 0/0
   988 ;; Data sizes:     COMMON   BANK0   BANK1   BANK2   BANK3   BANK4   BANK5   BANK6   BANK7   BANK8   BANK9  BANK10  BANK1
      +1  BANK12
   989 ;;      Params:         2       0       0       0       0       0       0       0       0       0       0       0       
      +0       0
   990 ;;      Locals:         0       0       0       0       0       0       0       0       0       0       0       0       
      +0       0
   991 ;;      Temps:          0       0       0       0       0       0       0       0       0       0       0       0       
      +0       0
   992 ;;      Totals:         2       0       0       0       0       0       0       0       0       0       0       0       
      +0       0
   993 ;;Total ram usage:        2 bytes
   994 ;; Hardware stack levels used:    1
   995 ;; This function calls:
   996 ;;		Nothing
   997 ;; This function is called by:
   998 ;;		_main
   999 ;; This function uses a non-reentrant model
  1000 ;;
  1001                           
  1002                           
  1003                           ;psect for function _write_spi_data
  1004  078D                     _write_spi_data:	
  1005                           
  1006                           ;spi_setup.c: 29: SSPBUF = dat;
  1007                           
  1008                           ;incstack = 0
  1009                           ; Regs used in _write_spi_data: [wreg]
  1010  078D  0870               	movf	write_spi_data@dat,w
  1011  078E  0024               	movlb	4	; select bank4
  1012  078F  0091               	movwf	17	;volatile
  1013  0790  0008               	return
  1014  0791                     __end_of_write_spi_data:	
  1015                           
  1016                           	psect	text2
  1017  0791                     __ptext2:	
  1018 ;; *************** function _read_spi_data *****************
  1019 ;; Defined at:
  1020 ;;		line 39 in file "spi_setup.c"
  1021 ;; Parameters:    Size  Location     Type
  1022 ;;		None
  1023 ;; Auto vars:     Size  Location     Type
  1024 ;;		None
  1025 ;; Return value:  Size  Location     Type
  1026 ;;                  2    0[COMMON] int 
  1027 ;; Registers used:
  1028 ;;		wreg
  1029 ;; Tracked objects:
  1030 ;;		On entry : 0/0
  1031 ;;		On exit  : 0/0
  1032 ;;		Unchanged: 0/0
  1033 ;; Data sizes:     COMMON   BANK0   BANK1   BANK2   BANK3   BANK4   BANK5   BANK6   BANK7   BANK8   BANK9  BANK10  BANK1
      +1  BANK12
  1034 ;;      Params:         2       0       0       0       0       0       0       0       0       0       0       0       
      +0       0
  1035 ;;      Locals:         0       0       0       0       0       0       0       0       0       0       0       0       
      +0       0
  1036 ;;      Temps:          2       0       0       0       0       0       0       0       0       0       0       0       
      +0       0
  1037 ;;      Totals:         4       0       0       0       0       0       0       0       0       0       0       0       
      +0       0
  1038 ;;Total ram usage:        4 bytes
  1039 ;; Hardware stack levels used:    1
  1040 ;; This function calls:
  1041 ;;		Nothing
  1042 ;; This function is called by:
  1043 ;;		_main
  1044 ;; This function uses a non-reentrant model
  1045 ;;
  1046                           
  1047                           
  1048                           ;psect for function _read_spi_data
  1049  0791                     _read_spi_data:	
  1050                           
  1051                           ;spi_setup.c: 44: return(SSPBUF);
  1052                           
  1053                           ;spi_setup.c: 42: while(!read_spi_data);
  1054                           
  1055                           ;incstack = 0
  1056                           ; Regs used in _read_spi_data: [wreg]
  1057  0791  0024               	movlb	4	; select bank4
  1058  0792  0811               	movf	17,w	;volatile
  1059  0793  00F2               	movwf	??_read_spi_data
  1060  0794  01F3               	clrf	??_read_spi_data+1
  1061  0795  0872               	movf	??_read_spi_data,w
  1062  0796  00F0               	movwf	?_read_spi_data
  1063  0797  0873               	movf	??_read_spi_data+1,w
  1064  0798  00F1               	movwf	?_read_spi_data+1
  1065  0799  0008               	return
  1066  079A                     __end_of_read_spi_data:	
  1067                           
  1068                           	psect	text3
  1069  079A                     __ptext3:	
  1070 ;; *************** function _init_spi *****************
  1071 ;; Defined at:
  1072 ;;		line 16 in file "spi_setup.c"
  1073 ;; Parameters:    Size  Location     Type
  1074 ;;  spi_mode        1    wreg     enum E7807
  1075 ;;  spi_clk_edge    1    0[COMMON] enum E7811
  1076 ;;  clk_cfg         2    1[COMMON] enum E7815
  1077 ;;  clk_idle_cfg    1    3[COMMON] enum E7824
  1078 ;;  sspen           2    4[COMMON] int 
  1079 ;; Auto vars:     Size  Location     Type
  1080 ;;  spi_mode        1    6[COMMON] enum E7807
  1081 ;; Return value:  Size  Location     Type
  1082 ;;                  1    wreg      void 
  1083 ;; Registers used:
  1084 ;;		wreg, status,2, status,0
  1085 ;; Tracked objects:
  1086 ;;		On entry : 0/0
  1087 ;;		On exit  : 0/0
  1088 ;;		Unchanged: 0/0
  1089 ;; Data sizes:     COMMON   BANK0   BANK1   BANK2   BANK3   BANK4   BANK5   BANK6   BANK7   BANK8   BANK9  BANK10  BANK1
      +1  BANK12
  1090 ;;      Params:         6       0       0       0       0       0       0       0       0       0       0       0       
      +0       0
  1091 ;;      Locals:         1       0       0       0       0       0       0       0       0       0       0       0       
      +0       0
  1092 ;;      Temps:          0       0       0       0       0       0       0       0       0       0       0       0       
      +0       0
  1093 ;;      Totals:         7       0       0       0       0       0       0       0       0       0       0       0       
      +0       0
  1094 ;;Total ram usage:        7 bytes
  1095 ;; Hardware stack levels used:    1
  1096 ;; This function calls:
  1097 ;;		Nothing
  1098 ;; This function is called by:
  1099 ;;		_main
  1100 ;; This function uses a non-reentrant model
  1101 ;;
  1102                           
  1103                           
  1104                           ;psect for function _init_spi
  1105  079A                     _init_spi:	
  1106                           
  1107                           ;incstack = 0
  1108                           ; Regs used in _init_spi: [wreg+status,2+status,0]
  1109                           ;init_spi@spi_mode stored from wreg
  1110  079A  00F6               	movwf	init_spi@spi_mode
  1111                           
  1112                           ;spi_setup.c: 18: SSPSTATbits.SMP = spi_mode;
  1113  079B  0C76               	rrf	init_spi@spi_mode,w
  1114  079C  0024               	movlb	4	; select bank4
  1115  079D  1C03               	skipc
  1116  079E  1394               	bcf	20,7	;volatile
  1117  079F  1803               	skipnc
  1118  07A0  1794               	bsf	20,7	;volatile
  1119                           
  1120                           ;spi_setup.c: 19: SSPSTATbits.CKE = spi_clk_edge;
  1121  07A1  0C70               	rrf	init_spi@spi_clk_edge,w
  1122  07A2  1C03               	skipc
  1123  07A3  1314               	bcf	20,6	;volatile
  1124  07A4  1803               	skipnc
  1125  07A5  1714               	bsf	20,6	;volatile
  1126                           
  1127                           ;spi_setup.c: 21: SSPCONbits.SSPM = clk_cfg;
  1128  07A6  0815               	movf	21,w	;volatile
  1129  07A7  0671               	xorwf	init_spi@clk_cfg,w
  1130  07A8  39F0               	andlw	-16
  1131  07A9  0671               	xorwf	init_spi@clk_cfg,w
  1132  07AA  0095               	movwf	21	;volatile
  1133                           
  1134                           ;spi_setup.c: 22: SSPCONbits.CKP = clk_idle_cfg;
  1135  07AB  0C73               	rrf	init_spi@clk_idle_cfg,w
  1136  07AC  1C03               	skipc
  1137  07AD  1215               	bcf	21,4	;volatile
  1138  07AE  1803               	skipnc
  1139  07AF  1615               	bsf	21,4	;volatile
  1140                           
  1141                           ;spi_setup.c: 23: SSPCONbits.SSPEN = sspen;
  1142  07B0  0C74               	rrf	init_spi@sspen,w
  1143  07B1  1C03               	skipc
  1144  07B2  1295               	bcf	21,5	;volatile
  1145  07B3  1803               	skipnc
  1146  07B4  1695               	bsf	21,5	;volatile
  1147  07B5  0008               	return
  1148  07B6                     __end_of_init_spi:	
  1149  007E                     btemp	set	126	;btemp
  1150  007E                     wtemp0	set	126


Data Sizes:
    Strings     0
    Constant    0
    Data        0
    BSS         0
    Persistent  0
    Stack       0

Auto Spaces:
    Space          Size  Autos    Used
    COMMON           14      9       9
    BANK0            80      0       0
    BANK1            80      0       0
    BANK2            80      0       0
    BANK3            80      0       0
    BANK4            80      0       0
    BANK5            80      0       0
    BANK6            80      0       0
    BANK7            80      0       0
    BANK8            80      0       0
    BANK9            80      0       0
    BANK10           80      0       0
    BANK11           80      0       0
    BANK12           48      0       0

Pointer List with Targets:

    None.

Critical Paths under _main in COMMON

    _main->_init_spi

Critical Paths under _main in BANK0

    None.

Critical Paths under _main in BANK1

    None.

Critical Paths under _main in BANK2

    None.

Critical Paths under _main in BANK3

    None.

Critical Paths under _main in BANK4

    None.

Critical Paths under _main in BANK5

    None.

Critical Paths under _main in BANK6

    None.

Critical Paths under _main in BANK7

    None.

Critical Paths under _main in BANK8

    None.

Critical Paths under _main in BANK9

    None.

Critical Paths under _main in BANK10

    None.

Critical Paths under _main in BANK11

    None.

Critical Paths under _main in BANK12

    None.

Call Graph Tables:

 ---------------------------------------------------------------------------------
 (Depth) Function   	        Calls       Base Space   Used Autos Params    Refs
 ---------------------------------------------------------------------------------
 (0) _main                                                 2     2      0     452
                                              7 COMMON     2     2      0
                           _init_spi
                      _read_spi_data
                     _write_spi_data
 ---------------------------------------------------------------------------------
 (1) _write_spi_data                                       2     0      2      86
                                              0 COMMON     2     0      2
 ---------------------------------------------------------------------------------
 (1) _read_spi_data                                        4     2      2       0
                                              0 COMMON     4     2      2
 ---------------------------------------------------------------------------------
 (1) _init_spi                                             7     1      6     366
                                              0 COMMON     7     1      6
 ---------------------------------------------------------------------------------
 Estimated maximum stack depth 1
 ---------------------------------------------------------------------------------

 Call Graph Graphs:

 _main (ROOT)
   _init_spi
   _read_spi_data
   _write_spi_data

 Address spaces:
Name               Size   Autos  Total    Cost      Usage
BIGRAM             3F0      0       0       0        0.0%
EEDATA             100      0       0       0        0.0%
NULL                 0      0       0       0        0.0%
CODE                 0      0       0       0        0.0%
BITCOMMON            E      0       0       1        0.0%
BITSFR0              0      0       0       1        0.0%
SFR0                 0      0       0       1        0.0%
COMMON               E      9       9       2       64.3%
BITSFR1              0      0       0       2        0.0%
SFR1                 0      0       0       2        0.0%
BITSFR2              0      0       0       3        0.0%
SFR2                 0      0       0       3        0.0%
STACK                0      0       0       3        0.0%
BITBANK0            50      0       0       4        0.0%
BITSFR3              0      0       0       4        0.0%
SFR3                 0      0       0       4        0.0%
BANK0               50      0       0       5        0.0%
BITSFR4              0      0       0       5        0.0%
SFR4                 0      0       0       5        0.0%
BITBANK1            50      0       0       6        0.0%
BITSFR5              0      0       0       6        0.0%
SFR5                 0      0       0       6        0.0%
BANK1               50      0       0       7        0.0%
BITSFR6              0      0       0       7        0.0%
SFR6                 0      0       0       7        0.0%
BITBANK2            50      0       0       8        0.0%
BITSFR7              0      0       0       8        0.0%
SFR7                 0      0       0       8        0.0%
BANK2               50      0       0       9        0.0%
BITSFR8              0      0       0       9        0.0%
SFR8                 0      0       0       9        0.0%
BITBANK3            50      0       0      10        0.0%
BITSFR9              0      0       0      10        0.0%
SFR9                 0      0       0      10        0.0%
BANK3               50      0       0      11        0.0%
BITSFR10             0      0       0      11        0.0%
SFR10                0      0       0      11        0.0%
BITBANK4            50      0       0      12        0.0%
BITSFR11             0      0       0      12        0.0%
SFR11                0      0       0      12        0.0%
BANK4               50      0       0      13        0.0%
BITSFR12             0      0       0      13        0.0%
SFR12                0      0       0      13        0.0%
BITBANK5            50      0       0      14        0.0%
BITSFR13             0      0       0      14        0.0%
SFR13                0      0       0      14        0.0%
BANK5               50      0       0      15        0.0%
BITSFR14             0      0       0      15        0.0%
SFR14                0      0       0      15        0.0%
BITBANK6            50      0       0      16        0.0%
BITSFR15             0      0       0      16        0.0%
SFR15                0      0       0      16        0.0%
BANK6               50      0       0      17        0.0%
BITSFR16             0      0       0      17        0.0%
SFR16                0      0       0      17        0.0%
BITBANK7            50      0       0      18        0.0%
BITSFR17             0      0       0      18        0.0%
SFR17                0      0       0      18        0.0%
BANK7               50      0       0      19        0.0%
BITSFR18             0      0       0      19        0.0%
SFR18                0      0       0      19        0.0%
BITSFR19             0      0       0      20        0.0%
SFR19                0      0       0      20        0.0%
ABS                  0      0       0      20        0.0%
BITBANK8            50      0       0      21        0.0%
BITSFR20             0      0       0      21        0.0%
SFR20                0      0       0      21        0.0%
BANK8               50      0       0      22        0.0%
BITSFR21             0      0       0      22        0.0%
SFR21                0      0       0      22        0.0%
BITBANK9            50      0       0      23        0.0%
BITSFR22             0      0       0      23        0.0%
SFR22                0      0       0      23        0.0%
BANK9               50      0       0      24        0.0%
BITSFR23             0      0       0      24        0.0%
SFR23                0      0       0      24        0.0%
BITBANK10           50      0       0      25        0.0%
BITSFR24             0      0       0      25        0.0%
SFR24                0      0       0      25        0.0%
BANK10              50      0       0      26        0.0%
BITSFR25             0      0       0      26        0.0%
SFR25                0      0       0      26        0.0%
BITBANK11           50      0       0      27        0.0%
BITSFR26             0      0       0      27        0.0%
SFR26                0      0       0      27        0.0%
BANK11              50      0       0      28        0.0%
BITSFR27             0      0       0      28        0.0%
SFR27                0      0       0      28        0.0%
BITBANK12           30      0       0      29        0.0%
BITSFR28             0      0       0      29        0.0%
SFR28                0      0       0      29        0.0%
BANK12              30      0       0      30        0.0%
BITSFR29             0      0       0      30        0.0%
SFR29                0      0       0      30        0.0%
BITSFR30             0      0       0      31        0.0%
SFR30                0      0       0      31        0.0%
DATA                 0      0       0      31        0.0%
BITSFR31             0      0       0      32        0.0%
SFR31                0      0       0      32        0.0%


Microchip Technology PIC Macro Assembler V1.42 build -159332390 
Symbol Table                                                                                   Sun Jul 09 19:40:18 2017

            __CFG_CP$OFF 0000              _SSPSTATbits 0214                       u17 07D2  
                     u27 07EA                       u37 07F5              __CFG_LVP$ON 0000  
                    l587 07CD                      _RC7 0077             __CFG_CPD$OFF 0000  
                    wreg 0009             __CFG_WDTE$ON 0000             __CFG_WRT$OFF 0000  
          __CFG_FCMEN$ON 0000                     _main 07B6                     btemp 007E  
          __CFG_BOREN$ON 0000            __CFG_BORV$LOW 0000                     start 0002  
          __CFG_CSWEN$ON 0000            __CFG_MCLRE$ON 0000                    ?_main 0070  
         __CFG_DEBUG$OFF 0000                    _PORTA 000C                    _PORTB 000D  
                  _TRISA 008C                    _TRISB 008D                    wtemp0 007E  
        __initialization 07FD             __end_of_main 07FD                   ??_main 0077  
       ??_write_spi_data 0072                   _TRISC7 0477                   _SSPBUF 0211  
         __CFG_PWRTE$OFF 0000           __CFG_STVREN$ON 0000         __end_of_init_spi 07B6  
__end_of__initialization 07FD        write_spi_data@dat 0070   __size_of_read_spi_data 0009  
         __pcstackCOMMON 0070               __pmaintext 07B6         init_spi@spi_mode 0076  
        __CFG_PPS1WAY$ON 0000            _read_spi_data 0791     init_spi@spi_clk_edge 0070  
              ?_init_spi 0070                  __ptext1 078D                  __ptext2 0791  
                __ptext3 079A           ?_read_spi_data 0070     end_of_initialization 07FD  
             ??_init_spi 0076         __CFG_FEXTOSC$ECH 0000          ??_read_spi_data 0072  
    start_initialization 07FD        __CFG_RSTOSC$EXT1X 0000         __CFG_LPBOREN$OFF 0000  
__size_of_write_spi_data 0004                ___latbits 0002          init_spi@clk_cfg 0071  
      __size_of_init_spi 001C     init_spi@clk_idle_cfg 0073           _write_spi_data 078D  
          __size_of_main 0047                 _init_spi 079A   __end_of_write_spi_data 0791  
  __end_of_read_spi_data 079A            init_spi@sspen 0074        __CFG_CLKOUTEN$OFF 0000  
        ?_write_spi_data 0070               _SSPCONbits 0215  
